<?xml version="1.0" encoding="utf-8"?>
<CoverageSession>
  <Summary numSequencePoints="143" visitedSequencePoints="113" numBranchPoints="143" visitedBranchPoints="113" sequenceCoverage="0.79" branchCoverage="0.79" maxCyclomaticComplexity="439" minCyclomaticComplexity="439" visitedClasses="3" numClasses="11" visitedMethods="15" numMethods="34" />
  <Modules>
    <Module hash="D7CA8E36-B255-4127-984D-F7932EC00514">
      <ModulePath>FSharpAHRS.dll</ModulePath>
      <ModuleTime>2019-03-05T04:37:31</ModuleTime>
      <ModuleName>FSharpAHRS</ModuleName>
      <Files>
        <File uid="1" fullPath="/Users/afshawnlotfi/Desktop/FSharpAHRS/Library.fs" />
        <File uid="2" fullPath="/Users/afshawnlotfi/Desktop/FSharpAHRS/Utils.fs" />
        <File uid="3" fullPath="/Users/afshawnlotfi/Desktop/FSharpAHRS/Models.fs" />
      </Files>
      <Classes>
        <Class>
          <Summary numSequencePoints="122" visitedSequencePoints="109" numBranchPoints="138" visitedBranchPoints="96" sequenceCoverage="0.893" branchCoverage="0.696" maxCyclomaticComplexity="68" minCyclomaticComplexity="1" visitedClasses="1" numClasses="1" visitedMethods="12" numMethods="14" />
          <FullName>FSharpAHRS.Algorithm.Madgwick</FullName>
          <Methods>
            <Method cyclomaticComplexity="1" nPathComplexity="0" sequenceCoverage="1" branchCoverage="1" isConstructor="False" isGetter="False" isSetter="False" isStatic="True">
              <Summary numSequencePoints="2" visitedSequencePoints="2" numBranchPoints="0" visitedBranchPoints="0" sequenceCoverage="1" branchCoverage="1" maxCyclomaticComplexity="1" minCyclomaticComplexity="1" visitedClasses="0" numClasses="0" visitedMethods="1" numMethods="1" />
              <MetadataToken />
              <Name>System.Double FSharpAHRS.Algorithm.Madgwick::recipSampleFreq(System.Double)</Name>
              <FileRef uid="1" />
              <SequencePoints>
                <SequencePoint vc="36" upsid="9" ordinal="0" sl="9" sc="1" el="9" ec="2" bec="0" bev="0" fileid="1" />
                <SequencePoint vc="36" upsid="10" ordinal="1" sl="10" sc="1" el="10" ec="2" bec="0" bev="0" fileid="1" />
              </SequencePoints>
              <BranchPoints />
              <MethodPoint vc="2" upsid="0" p8:type="SequencePoint" ordinal="0" offset="0" sc="0" sl="9" ec="1" el="10" bec="0" bev="0" fileid="1" xmlns:p8="xsi" />
            </Method>
            <Method cyclomaticComplexity="1" nPathComplexity="0" sequenceCoverage="1" branchCoverage="1" isConstructor="False" isGetter="False" isSetter="False" isStatic="True">
              <Summary numSequencePoints="1" visitedSequencePoints="1" numBranchPoints="0" visitedBranchPoints="0" sequenceCoverage="1" branchCoverage="1" maxCyclomaticComplexity="1" minCyclomaticComplexity="1" visitedClasses="0" numClasses="0" visitedMethods="1" numMethods="1" />
              <MetadataToken />
              <Name>System.Double[] FSharpAHRS.Algorithm.Madgwick::coordToList(FSharpAHRS.Models/Coordinate)</Name>
              <FileRef uid="1" />
              <SequencePoints>
                <SequencePoint vc="58" upsid="11" ordinal="0" sl="11" sc="1" el="11" ec="2" bec="0" bev="0" fileid="1" />
              </SequencePoints>
              <BranchPoints />
              <MethodPoint vc="1" upsid="0" p8:type="SequencePoint" ordinal="1" offset="1" sc="0" sl="11" ec="1" el="11" bec="0" bev="0" fileid="1" xmlns:p8="xsi" />
            </Method>
            <Method cyclomaticComplexity="1" nPathComplexity="0" sequenceCoverage="1" branchCoverage="1" isConstructor="False" isGetter="False" isSetter="False" isStatic="True">
              <Summary numSequencePoints="1" visitedSequencePoints="1" numBranchPoints="0" visitedBranchPoints="0" sequenceCoverage="1" branchCoverage="1" maxCyclomaticComplexity="1" minCyclomaticComplexity="1" visitedClasses="0" numClasses="0" visitedMethods="1" numMethods="1" />
              <MetadataToken />
              <Name>System.Tuple`4&lt;System.Double,System.Double,System.Double,System.Double&gt; FSharpAHRS.Algorithm.Madgwick::stateToTuple(FSharpAHRS.Models/State)</Name>
              <FileRef uid="1" />
              <SequencePoints>
                <SequencePoint vc="36" upsid="12" ordinal="0" sl="12" sc="1" el="12" ec="2" bec="0" bev="0" fileid="1" />
              </SequencePoints>
              <BranchPoints />
              <MethodPoint vc="1" upsid="0" p8:type="SequencePoint" ordinal="2" offset="2" sc="0" sl="12" ec="1" el="12" bec="0" bev="0" fileid="1" xmlns:p8="xsi" />
            </Method>
            <Method cyclomaticComplexity="8" nPathComplexity="0" sequenceCoverage="1" branchCoverage="0.75" isConstructor="False" isGetter="False" isSetter="False" isStatic="True">
              <Summary numSequencePoints="3" visitedSequencePoints="3" numBranchPoints="8" visitedBranchPoints="6" sequenceCoverage="1" branchCoverage="0.75" maxCyclomaticComplexity="8" minCyclomaticComplexity="8" visitedClasses="0" numClasses="0" visitedMethods="1" numMethods="1" />
              <MetadataToken />
              <Name>System.Double[] FSharpAHRS.Algorithm.Madgwick::normalizeCoord(FSharpAHRS.Models/Coordinate)</Name>
              <FileRef uid="1" />
              <SequencePoints>
                <SequencePoint vc="58" upsid="13" ordinal="0" sl="13" sc="1" el="13" ec="2" bec="0" bev="0" fileid="1" />
                <SequencePoint vc="58" upsid="14" ordinal="1" sl="14" sc="1" el="14" ec="2" bec="0" bev="0" fileid="1" />
                <SequencePoint vc="754" upsid="15" ordinal="2" sl="15" sc="1" el="15" ec="2" bec="0" bev="0" fileid="1" />
              </SequencePoints>
              <BranchPoints>
                <BranchPoint vc="0" upsid="13" ordinal="1" path="1" offset="58" offsetend="62" sl="13" fileid="1" />
                <BranchPoint vc="58" upsid="13" ordinal="0" path="0" offset="58" offsetend="73" sl="13" fileid="1" />
                <BranchPoint vc="174" upsid="15" ordinal="3" path="1" offset="118" offsetend="92" sl="15" fileid="1" />
                <BranchPoint vc="58" upsid="15" ordinal="2" path="0" offset="118" offsetend="120" sl="15" fileid="1" />
                <BranchPoint vc="0" upsid="15" ordinal="5" path="1" offset="162" offsetend="166" sl="15" fileid="1" />
                <BranchPoint vc="58" upsid="15" ordinal="4" path="0" offset="162" offsetend="177" sl="15" fileid="1" />
                <BranchPoint vc="174" upsid="15" ordinal="7" path="1" offset="231" offsetend="194" sl="15" fileid="1" />
                <BranchPoint vc="58" upsid="15" ordinal="6" path="0" offset="231" offsetend="233" sl="15" fileid="1" />
              </BranchPoints>
              <MethodPoint vc="3" upsid="0" p8:type="SequencePoint" ordinal="3" offset="3" sc="0" sl="13" ec="1" el="15" bec="0" bev="0" fileid="1" xmlns:p8="xsi" />
            </Method>
            <Method cyclomaticComplexity="1" nPathComplexity="0" sequenceCoverage="1" branchCoverage="1" isConstructor="False" isGetter="False" isSetter="False" isStatic="True">
              <Summary numSequencePoints="5" visitedSequencePoints="5" numBranchPoints="0" visitedBranchPoints="0" sequenceCoverage="1" branchCoverage="1" maxCyclomaticComplexity="1" minCyclomaticComplexity="1" visitedClasses="0" numClasses="0" visitedMethods="1" numMethods="1" />
              <MetadataToken />
              <Name>System.Tuple`4&lt;System.Double,System.Double,System.Double,System.Double&gt; FSharpAHRS.Algorithm.Madgwick::qDots(FSharpAHRS.Models/AHRSSession,FSharpAHRS.Models/Coordinate)</Name>
              <FileRef uid="1" />
              <SequencePoints>
                <SequencePoint vc="36" upsid="17" ordinal="0" sl="17" sc="1" el="17" ec="2" bec="0" bev="0" fileid="1" />
                <SequencePoint vc="36" upsid="18" ordinal="1" sl="18" sc="1" el="18" ec="2" bec="0" bev="0" fileid="1" />
                <SequencePoint vc="36" upsid="19" ordinal="2" sl="19" sc="1" el="19" ec="2" bec="0" bev="0" fileid="1" />
                <SequencePoint vc="36" upsid="20" ordinal="3" sl="20" sc="1" el="20" ec="2" bec="0" bev="0" fileid="1" />
                <SequencePoint vc="36" upsid="21" ordinal="4" sl="21" sc="1" el="21" ec="2" bec="0" bev="0" fileid="1" />
              </SequencePoints>
              <BranchPoints />
              <MethodPoint vc="5" upsid="0" p8:type="SequencePoint" ordinal="4" offset="4" sc="0" sl="17" ec="1" el="21" bec="0" bev="0" fileid="1" xmlns:p8="xsi" />
            </Method>
            <Method cyclomaticComplexity="4" nPathComplexity="0" sequenceCoverage="1" branchCoverage="0.5" isConstructor="False" isGetter="False" isSetter="False" isStatic="True">
              <Summary numSequencePoints="5" visitedSequencePoints="5" numBranchPoints="4" visitedBranchPoints="2" sequenceCoverage="1" branchCoverage="0.5" maxCyclomaticComplexity="4" minCyclomaticComplexity="4" visitedClasses="0" numClasses="0" visitedMethods="1" numMethods="1" />
              <MetadataToken />
              <Name>FSharpAHRS.Models/AHRSSession FSharpAHRS.Algorithm.Madgwick::setSessionState(FSharpAHRS.Models/AHRSSession,System.Double[])</Name>
              <FileRef uid="1" />
              <SequencePoints>
                <SequencePoint vc="32" upsid="35" ordinal="0" sl="35" sc="1" el="35" ec="2" bec="0" bev="0" fileid="1" />
                <SequencePoint vc="32" upsid="36" ordinal="1" sl="36" sc="1" el="36" ec="2" bec="0" bev="0" fileid="1" />
                <SequencePoint vc="32" upsid="37" ordinal="2" sl="37" sc="1" el="37" ec="2" bec="0" bev="0" fileid="1" />
                <SequencePoint vc="32" upsid="38" ordinal="3" sl="38" sc="1" el="38" ec="2" bec="0" bev="0" fileid="1" />
                <SequencePoint vc="32" upsid="39" ordinal="4" sl="39" sc="1" el="39" ec="2" bec="0" bev="0" fileid="1" />
              </SequencePoints>
              <BranchPoints>
                <BranchPoint vc="32" upsid="35" ordinal="0" path="0" offset="8" offsetend="14" sl="35" fileid="1" />
                <BranchPoint vc="0" upsid="35" ordinal="1" path="1" offset="8" offsetend="23" sl="35" fileid="1" />
                <BranchPoint vc="32" upsid="35" ordinal="2" path="0" offset="25" offsetend="31" sl="35" fileid="1" />
                <BranchPoint vc="0" upsid="35" ordinal="3" path="1" offset="25" offsetend="117" sl="35" fileid="1" />
              </BranchPoints>
              <MethodPoint vc="5" upsid="0" p8:type="SequencePoint" ordinal="5" offset="5" sc="0" sl="35" ec="1" el="39" bec="0" bev="0" fileid="1" xmlns:p8="xsi" />
            </Method>
            <Method cyclomaticComplexity="58" nPathComplexity="0" sequenceCoverage="1" branchCoverage="0.69" isConstructor="False" isGetter="False" isSetter="False" isStatic="True">
              <Summary numSequencePoints="20" visitedSequencePoints="20" numBranchPoints="58" visitedBranchPoints="40" sequenceCoverage="1" branchCoverage="0.69" maxCyclomaticComplexity="58" minCyclomaticComplexity="58" visitedClasses="0" numClasses="0" visitedMethods="1" numMethods="1" />
              <MetadataToken />
              <Name>FSharpAHRS.Models/AHRSSession FSharpAHRS.Algorithm.Madgwick::madgwickAHRSupdateIMU(FSharpAHRS.Models/AHRSSession,FSharpAHRS.Models/Coordinate,FSharpAHRS.Models/Coordinate,FSharpAHRS.Models/MadgwickOpts)</Name>
              <FileRef uid="1" />
              <SequencePoints>
                <SequencePoint vc="4" upsid="57" ordinal="0" sl="57" sc="1" el="57" ec="2" bec="0" bev="0" fileid="1" />
                <SequencePoint vc="4" upsid="58" ordinal="1" sl="58" sc="1" el="58" ec="2" bec="0" bev="0" fileid="1" />
                <SequencePoint vc="4" upsid="60" ordinal="2" sl="60" sc="1" el="60" ec="2" bec="0" bev="0" fileid="1" />
                <SequencePoint vc="4" upsid="63" ordinal="3" sl="63" sc="1" el="63" ec="2" bec="0" bev="0" fileid="1" />
                <SequencePoint vc="2" upsid="65" ordinal="4" sl="65" sc="1" el="65" ec="2" bec="0" bev="0" fileid="1" />
                <SequencePoint vc="18" upsid="68" ordinal="5" sl="68" sc="1" el="68" ec="2" bec="0" bev="0" fileid="1" />
                <SequencePoint vc="14" upsid="69" ordinal="6" sl="69" sc="1" el="69" ec="2" bec="0" bev="0" fileid="1" />
                <SequencePoint vc="10" upsid="70" ordinal="7" sl="70" sc="1" el="70" ec="2" bec="0" bev="0" fileid="1" />
                <SequencePoint vc="10" upsid="71" ordinal="8" sl="71" sc="1" el="71" ec="2" bec="0" bev="0" fileid="1" />
                <SequencePoint vc="2" upsid="74" ordinal="9" sl="74" sc="1" el="74" ec="2" bec="0" bev="0" fileid="1" />
                <SequencePoint vc="2" upsid="75" ordinal="10" sl="75" sc="1" el="75" ec="2" bec="0" bev="0" fileid="1" />
                <SequencePoint vc="2" upsid="76" ordinal="11" sl="76" sc="1" el="76" ec="2" bec="0" bev="0" fileid="1" />
                <SequencePoint vc="2" upsid="77" ordinal="12" sl="77" sc="1" el="77" ec="2" bec="0" bev="0" fileid="1" />
                <SequencePoint vc="42" upsid="79" ordinal="13" sl="79" sc="1" el="79" ec="2" bec="0" bev="0" fileid="1" />
                <SequencePoint vc="2" upsid="81" ordinal="14" sl="81" sc="1" el="81" ec="2" bec="0" bev="0" fileid="1" />
                <SequencePoint vc="4" upsid="83" ordinal="15" sl="83" sc="1" el="83" ec="2" bec="0" bev="0" fileid="1" />
                <SequencePoint vc="36" upsid="84" ordinal="16" sl="84" sc="1" el="84" ec="2" bec="0" bev="0" fileid="1" />
                <SequencePoint vc="20" upsid="85" ordinal="17" sl="85" sc="1" el="85" ec="2" bec="0" bev="0" fileid="1" />
                <SequencePoint vc="68" upsid="86" ordinal="18" sl="86" sc="1" el="86" ec="2" bec="0" bev="0" fileid="1" />
                <SequencePoint vc="4" upsid="87" ordinal="19" sl="87" sc="1" el="87" ec="2" bec="0" bev="0" fileid="1" />
              </SequencePoints>
              <BranchPoints>
                <BranchPoint vc="2" upsid="63" ordinal="0" path="0" offset="116" offsetend="122" sl="63" fileid="1" />
                <BranchPoint vc="2" upsid="63" ordinal="1" path="1" offset="116" offsetend="142" sl="63" fileid="1" />
                <BranchPoint vc="2" upsid="63" ordinal="2" path="0" offset="144" offsetend="150" sl="63" fileid="1" />
                <BranchPoint vc="2" upsid="63" ordinal="3" path="1" offset="144" offsetend="170" sl="63" fileid="1" />
                <BranchPoint vc="2" upsid="63" ordinal="4" path="0" offset="172" offsetend="181" sl="63" fileid="1" />
                <BranchPoint vc="2" upsid="65" ordinal="6" path="0" offset="198" offsetend="204" sl="65" fileid="1" />
                <BranchPoint vc="0" upsid="65" ordinal="7" path="1" offset="198" offsetend="214" sl="65" fileid="1" />
                <BranchPoint vc="2" upsid="65" ordinal="8" path="0" offset="216" offsetend="225" sl="65" fileid="1" />
                <BranchPoint vc="0" upsid="68" ordinal="11" path="1" offset="328" offsetend="332" sl="68" fileid="1" />
                <BranchPoint vc="2" upsid="68" ordinal="10" path="0" offset="328" offsetend="343" sl="68" fileid="1" />
                <BranchPoint vc="8" upsid="68" ordinal="13" path="1" offset="397" offsetend="360" sl="68" fileid="1" />
                <BranchPoint vc="2" upsid="68" ordinal="12" path="0" offset="397" offsetend="399" sl="68" fileid="1" />
                <BranchPoint vc="2" upsid="68" ordinal="14" path="0" offset="412" offsetend="418" sl="68" fileid="1" />
                <BranchPoint vc="0" upsid="68" ordinal="15" path="1" offset="412" offsetend="428" sl="68" fileid="1" />
                <BranchPoint vc="2" upsid="68" ordinal="16" path="0" offset="430" offsetend="439" sl="68" fileid="1" />
                <BranchPoint vc="0" upsid="69" ordinal="19" path="1" offset="544" offsetend="548" sl="69" fileid="1" />
                <BranchPoint vc="2" upsid="69" ordinal="18" path="0" offset="544" offsetend="559" sl="69" fileid="1" />
                <BranchPoint vc="6" upsid="69" ordinal="21" path="1" offset="613" offsetend="576" sl="69" fileid="1" />
                <BranchPoint vc="2" upsid="69" ordinal="20" path="0" offset="613" offsetend="615" sl="69" fileid="1" />
                <BranchPoint vc="2" upsid="69" ordinal="22" path="0" offset="628" offsetend="634" sl="69" fileid="1" />
                <BranchPoint vc="0" upsid="69" ordinal="23" path="1" offset="628" offsetend="644" sl="69" fileid="1" />
                <BranchPoint vc="2" upsid="69" ordinal="24" path="0" offset="646" offsetend="655" sl="69" fileid="1" />
                <BranchPoint vc="0" upsid="70" ordinal="27" path="1" offset="741" offsetend="745" sl="70" fileid="1" />
                <BranchPoint vc="2" upsid="70" ordinal="26" path="0" offset="741" offsetend="756" sl="70" fileid="1" />
                <BranchPoint vc="4" upsid="70" ordinal="29" path="1" offset="810" offsetend="773" sl="70" fileid="1" />
                <BranchPoint vc="2" upsid="70" ordinal="28" path="0" offset="810" offsetend="812" sl="70" fileid="1" />
                <BranchPoint vc="2" upsid="70" ordinal="30" path="0" offset="825" offsetend="831" sl="70" fileid="1" />
                <BranchPoint vc="0" upsid="70" ordinal="31" path="1" offset="825" offsetend="841" sl="70" fileid="1" />
                <BranchPoint vc="2" upsid="70" ordinal="32" path="0" offset="843" offsetend="852" sl="70" fileid="1" />
                <BranchPoint vc="2" upsid="71" ordinal="34" path="0" offset="939" offsetend="945" sl="71" fileid="1" />
                <BranchPoint vc="0" upsid="71" ordinal="35" path="1" offset="939" offsetend="955" sl="71" fileid="1" />
                <BranchPoint vc="2" upsid="71" ordinal="36" path="0" offset="957" offsetend="966" sl="71" fileid="1" />
                <BranchPoint vc="0" upsid="79" ordinal="39" path="1" offset="1325" offsetend="1329" sl="79" fileid="1" />
                <BranchPoint vc="2" upsid="79" ordinal="38" path="0" offset="1325" offsetend="1340" sl="79" fileid="1" />
                <BranchPoint vc="8" upsid="79" ordinal="41" path="1" offset="1389" offsetend="1363" sl="79" fileid="1" />
                <BranchPoint vc="2" upsid="79" ordinal="40" path="0" offset="1389" offsetend="1391" sl="79" fileid="1" />
                <BranchPoint vc="0" upsid="79" ordinal="43" path="1" offset="1440" offsetend="1444" sl="79" fileid="1" />
                <BranchPoint vc="2" upsid="79" ordinal="42" path="0" offset="1440" offsetend="1455" sl="79" fileid="1" />
                <BranchPoint vc="8" upsid="79" ordinal="45" path="1" offset="1513" offsetend="1476" sl="79" fileid="1" />
                <BranchPoint vc="2" upsid="79" ordinal="44" path="0" offset="1513" offsetend="1515" sl="79" fileid="1" />
                <BranchPoint vc="0" upsid="71" ordinal="37" path="1" offset="957" offsetend="1529" sl="71" fileid="1" />
                <BranchPoint vc="0" upsid="70" ordinal="33" path="1" offset="843" offsetend="1544" sl="70" fileid="1" />
                <BranchPoint vc="0" upsid="69" ordinal="25" path="1" offset="646" offsetend="1559" sl="69" fileid="1" />
                <BranchPoint vc="0" upsid="68" ordinal="17" path="1" offset="430" offsetend="1574" sl="68" fileid="1" />
                <BranchPoint vc="0" upsid="65" ordinal="9" path="1" offset="216" offsetend="1589" sl="65" fileid="1" />
                <BranchPoint vc="2" upsid="63" ordinal="5" path="1" offset="172" offsetend="1604" sl="63" fileid="1" />
                <BranchPoint vc="0" upsid="83" ordinal="47" path="1" offset="1681" offsetend="1685" sl="83" fileid="1" />
                <BranchPoint vc="4" upsid="83" ordinal="46" path="0" offset="1681" offsetend="1696" sl="83" fileid="1" />
                <BranchPoint vc="16" upsid="84" ordinal="49" path="1" offset="1752" offsetend="1715" sl="84" fileid="1" />
                <BranchPoint vc="4" upsid="84" ordinal="48" path="0" offset="1752" offsetend="1754" sl="84" fileid="1" />
                <BranchPoint vc="0" upsid="84" ordinal="51" path="1" offset="1870" offsetend="1874" sl="84" fileid="1" />
                <BranchPoint vc="4" upsid="84" ordinal="50" path="0" offset="1870" offsetend="1885" sl="84" fileid="1" />
                <BranchPoint vc="16" upsid="86" ordinal="53" path="1" offset="1932" offsetend="1906" sl="86" fileid="1" />
                <BranchPoint vc="4" upsid="86" ordinal="52" path="0" offset="1932" offsetend="1934" sl="86" fileid="1" />
                <BranchPoint vc="0" upsid="86" ordinal="55" path="1" offset="1981" offsetend="1985" sl="86" fileid="1" />
                <BranchPoint vc="4" upsid="86" ordinal="54" path="0" offset="1981" offsetend="1996" sl="86" fileid="1" />
                <BranchPoint vc="16" upsid="86" ordinal="57" path="1" offset="2052" offsetend="2015" sl="86" fileid="1" />
                <BranchPoint vc="4" upsid="86" ordinal="56" path="0" offset="2052" offsetend="2054" sl="86" fileid="1" />
              </BranchPoints>
              <MethodPoint vc="20" upsid="0" p8:type="SequencePoint" ordinal="6" offset="6" sc="0" sl="57" ec="1" el="87" bec="0" bev="0" fileid="1" xmlns:p8="xsi" />
            </Method>
            <Method cyclomaticComplexity="68" nPathComplexity="0" sequenceCoverage="1" branchCoverage="0.706" isConstructor="False" isGetter="False" isSetter="False" isStatic="True">
              <Summary numSequencePoints="56" visitedSequencePoints="56" numBranchPoints="68" visitedBranchPoints="48" sequenceCoverage="1" branchCoverage="0.706" maxCyclomaticComplexity="68" minCyclomaticComplexity="68" visitedClasses="0" numClasses="0" visitedMethods="1" numMethods="1" />
              <MetadataToken />
              <Name>FSharpAHRS.Models/AHRSSession FSharpAHRS.Algorithm.Madgwick::madgwickAHRSupdate(FSharpAHRS.Models/AHRSSession,FSharpAHRS.Models/SensorInput,FSharpAHRS.Models/MadgwickOpts)</Name>
              <FileRef uid="1" />
              <SequencePoints>
                <SequencePoint vc="32" upsid="103" ordinal="0" sl="103" sc="1" el="103" ec="2" bec="0" bev="0" fileid="1" />
                <SequencePoint vc="32" upsid="104" ordinal="1" sl="104" sc="1" el="104" ec="2" bec="0" bev="0" fileid="1" />
                <SequencePoint vc="32" upsid="106" ordinal="2" sl="106" sc="1" el="106" ec="2" bec="0" bev="0" fileid="1" />
                <SequencePoint vc="32" upsid="108" ordinal="3" sl="108" sc="1" el="108" ec="2" bec="0" bev="0" fileid="1" />
                <SequencePoint vc="28" upsid="110" ordinal="4" sl="110" sc="1" el="110" ec="2" bec="0" bev="0" fileid="1" />
                <SequencePoint vc="28" upsid="113" ordinal="5" sl="113" sc="1" el="113" ec="2" bec="0" bev="0" fileid="1" />
                <SequencePoint vc="364" upsid="116" ordinal="6" sl="116" sc="1" el="116" ec="2" bec="0" bev="0" fileid="1" />
                <SequencePoint vc="252" upsid="117" ordinal="7" sl="117" sc="1" el="117" ec="2" bec="0" bev="0" fileid="1" />
                <SequencePoint vc="140" upsid="118" ordinal="8" sl="118" sc="1" el="118" ec="2" bec="0" bev="0" fileid="1" />
                <SequencePoint vc="196" upsid="119" ordinal="9" sl="119" sc="1" el="119" ec="2" bec="0" bev="0" fileid="1" />
                <SequencePoint vc="28" upsid="121" ordinal="10" sl="121" sc="1" el="121" ec="2" bec="0" bev="0" fileid="1" />
                <SequencePoint vc="28" upsid="122" ordinal="11" sl="122" sc="1" el="122" ec="2" bec="0" bev="0" fileid="1" />
                <SequencePoint vc="28" upsid="123" ordinal="12" sl="123" sc="1" el="123" ec="2" bec="0" bev="0" fileid="1" />
                <SequencePoint vc="28" upsid="124" ordinal="13" sl="124" sc="1" el="124" ec="2" bec="0" bev="0" fileid="1" />
                <SequencePoint vc="28" upsid="125" ordinal="14" sl="125" sc="1" el="125" ec="2" bec="0" bev="0" fileid="1" />
                <SequencePoint vc="28" upsid="128" ordinal="15" sl="128" sc="1" el="128" ec="2" bec="0" bev="0" fileid="1" />
                <SequencePoint vc="28" upsid="129" ordinal="16" sl="129" sc="1" el="129" ec="2" bec="0" bev="0" fileid="1" />
                <SequencePoint vc="28" upsid="130" ordinal="17" sl="130" sc="1" el="130" ec="2" bec="0" bev="0" fileid="1" />
                <SequencePoint vc="28" upsid="131" ordinal="18" sl="131" sc="1" el="131" ec="2" bec="0" bev="0" fileid="1" />
                <SequencePoint vc="28" upsid="132" ordinal="19" sl="132" sc="1" el="132" ec="2" bec="0" bev="0" fileid="1" />
                <SequencePoint vc="28" upsid="133" ordinal="20" sl="133" sc="1" el="133" ec="2" bec="0" bev="0" fileid="1" />
                <SequencePoint vc="28" upsid="136" ordinal="21" sl="136" sc="1" el="136" ec="2" bec="0" bev="0" fileid="1" />
                <SequencePoint vc="28" upsid="137" ordinal="22" sl="137" sc="1" el="137" ec="2" bec="0" bev="0" fileid="1" />
                <SequencePoint vc="28" upsid="138" ordinal="23" sl="138" sc="1" el="138" ec="2" bec="0" bev="0" fileid="1" />
                <SequencePoint vc="28" upsid="139" ordinal="24" sl="139" sc="1" el="139" ec="2" bec="0" bev="0" fileid="1" />
                <SequencePoint vc="28" upsid="140" ordinal="25" sl="140" sc="1" el="140" ec="2" bec="0" bev="0" fileid="1" />
                <SequencePoint vc="28" upsid="141" ordinal="26" sl="141" sc="1" el="141" ec="2" bec="0" bev="0" fileid="1" />
                <SequencePoint vc="28" upsid="142" ordinal="27" sl="142" sc="1" el="142" ec="2" bec="0" bev="0" fileid="1" />
                <SequencePoint vc="28" upsid="143" ordinal="28" sl="143" sc="1" el="143" ec="2" bec="0" bev="0" fileid="1" />
                <SequencePoint vc="28" upsid="144" ordinal="29" sl="144" sc="1" el="144" ec="2" bec="0" bev="0" fileid="1" />
                <SequencePoint vc="28" upsid="145" ordinal="30" sl="145" sc="1" el="145" ec="2" bec="0" bev="0" fileid="1" />
                <SequencePoint vc="28" upsid="146" ordinal="31" sl="146" sc="1" el="146" ec="2" bec="0" bev="0" fileid="1" />
                <SequencePoint vc="28" upsid="147" ordinal="32" sl="147" sc="1" el="147" ec="2" bec="0" bev="0" fileid="1" />
                <SequencePoint vc="28" upsid="148" ordinal="33" sl="148" sc="1" el="148" ec="2" bec="0" bev="0" fileid="1" />
                <SequencePoint vc="28" upsid="149" ordinal="34" sl="149" sc="1" el="149" ec="2" bec="0" bev="0" fileid="1" />
                <SequencePoint vc="28" upsid="150" ordinal="35" sl="150" sc="1" el="150" ec="2" bec="0" bev="0" fileid="1" />
                <SequencePoint vc="28" upsid="151" ordinal="36" sl="151" sc="1" el="151" ec="2" bec="0" bev="0" fileid="1" />
                <SequencePoint vc="28" upsid="152" ordinal="37" sl="152" sc="1" el="152" ec="2" bec="0" bev="0" fileid="1" />
                <SequencePoint vc="28" upsid="153" ordinal="38" sl="153" sc="1" el="153" ec="2" bec="0" bev="0" fileid="1" />
                <SequencePoint vc="28" upsid="154" ordinal="39" sl="154" sc="1" el="154" ec="2" bec="0" bev="0" fileid="1" />
                <SequencePoint vc="28" upsid="155" ordinal="40" sl="155" sc="1" el="155" ec="2" bec="0" bev="0" fileid="1" />
                <SequencePoint vc="28" upsid="156" ordinal="41" sl="156" sc="1" el="156" ec="2" bec="0" bev="0" fileid="1" />
                <SequencePoint vc="28" upsid="157" ordinal="42" sl="157" sc="1" el="157" ec="2" bec="0" bev="0" fileid="1" />
                <SequencePoint vc="28" upsid="158" ordinal="43" sl="158" sc="1" el="158" ec="2" bec="0" bev="0" fileid="1" />
                <SequencePoint vc="28" upsid="159" ordinal="44" sl="159" sc="1" el="159" ec="2" bec="0" bev="0" fileid="1" />
                <SequencePoint vc="28" upsid="160" ordinal="45" sl="160" sc="1" el="160" ec="2" bec="0" bev="0" fileid="1" />
                <SequencePoint vc="28" upsid="161" ordinal="46" sl="161" sc="1" el="161" ec="2" bec="0" bev="0" fileid="1" />
                <SequencePoint vc="588" upsid="163" ordinal="47" sl="163" sc="1" el="163" ec="2" bec="0" bev="0" fileid="1" />
                <SequencePoint vc="4" upsid="165" ordinal="48" sl="165" sc="1" el="165" ec="2" bec="0" bev="0" fileid="1" />
                <SequencePoint vc="32" upsid="169" ordinal="49" sl="169" sc="1" el="169" ec="2" bec="0" bev="0" fileid="1" />
                <SequencePoint vc="4" upsid="170" ordinal="50" sl="170" sc="1" el="170" ec="2" bec="0" bev="0" fileid="1" />
                <SequencePoint vc="28" upsid="173" ordinal="51" sl="173" sc="1" el="173" ec="2" bec="0" bev="0" fileid="1" />
                <SequencePoint vc="252" upsid="174" ordinal="52" sl="174" sc="1" el="174" ec="2" bec="0" bev="0" fileid="1" />
                <SequencePoint vc="140" upsid="175" ordinal="53" sl="175" sc="1" el="175" ec="2" bec="0" bev="0" fileid="1" />
                <SequencePoint vc="476" upsid="176" ordinal="54" sl="176" sc="1" el="176" ec="2" bec="0" bev="0" fileid="1" />
                <SequencePoint vc="28" upsid="177" ordinal="55" sl="177" sc="1" el="177" ec="2" bec="0" bev="0" fileid="1" />
              </SequencePoints>
              <BranchPoints>
                <BranchPoint vc="4" upsid="108" ordinal="0" path="0" offset="147" offsetend="153" sl="108" fileid="1" />
                <BranchPoint vc="28" upsid="108" ordinal="1" path="1" offset="147" offsetend="173" sl="108" fileid="1" />
                <BranchPoint vc="4" upsid="108" ordinal="2" path="0" offset="175" offsetend="181" sl="108" fileid="1" />
                <BranchPoint vc="28" upsid="108" ordinal="3" path="1" offset="175" offsetend="201" sl="108" fileid="1" />
                <BranchPoint vc="28" upsid="108" ordinal="4" path="0" offset="203" offsetend="212" sl="108" fileid="1" />
                <BranchPoint vc="28" upsid="110" ordinal="6" path="0" offset="229" offsetend="235" sl="110" fileid="1" />
                <BranchPoint vc="0" upsid="110" ordinal="7" path="1" offset="229" offsetend="245" sl="110" fileid="1" />
                <BranchPoint vc="28" upsid="110" ordinal="8" path="0" offset="247" offsetend="256" sl="110" fileid="1" />
                <BranchPoint vc="28" upsid="113" ordinal="10" path="0" offset="303" offsetend="309" sl="113" fileid="1" />
                <BranchPoint vc="0" upsid="113" ordinal="11" path="1" offset="303" offsetend="319" sl="113" fileid="1" />
                <BranchPoint vc="28" upsid="113" ordinal="12" path="0" offset="321" offsetend="330" sl="113" fileid="1" />
                <BranchPoint vc="0" upsid="116" ordinal="15" path="1" offset="487" offsetend="491" sl="116" fileid="1" />
                <BranchPoint vc="28" upsid="116" ordinal="14" path="0" offset="487" offsetend="502" sl="116" fileid="1" />
                <BranchPoint vc="112" upsid="116" ordinal="17" path="1" offset="556" offsetend="519" sl="116" fileid="1" />
                <BranchPoint vc="28" upsid="116" ordinal="16" path="0" offset="556" offsetend="558" sl="116" fileid="1" />
                <BranchPoint vc="28" upsid="116" ordinal="18" path="0" offset="571" offsetend="577" sl="116" fileid="1" />
                <BranchPoint vc="0" upsid="116" ordinal="19" path="1" offset="571" offsetend="587" sl="116" fileid="1" />
                <BranchPoint vc="28" upsid="116" ordinal="20" path="0" offset="589" offsetend="598" sl="116" fileid="1" />
                <BranchPoint vc="0" upsid="117" ordinal="23" path="1" offset="713" offsetend="717" sl="117" fileid="1" />
                <BranchPoint vc="28" upsid="117" ordinal="22" path="0" offset="713" offsetend="728" sl="117" fileid="1" />
                <BranchPoint vc="112" upsid="117" ordinal="25" path="1" offset="782" offsetend="745" sl="117" fileid="1" />
                <BranchPoint vc="28" upsid="117" ordinal="24" path="0" offset="782" offsetend="784" sl="117" fileid="1" />
                <BranchPoint vc="28" upsid="117" ordinal="26" path="0" offset="797" offsetend="803" sl="117" fileid="1" />
                <BranchPoint vc="0" upsid="117" ordinal="27" path="1" offset="797" offsetend="813" sl="117" fileid="1" />
                <BranchPoint vc="28" upsid="117" ordinal="28" path="0" offset="815" offsetend="824" sl="117" fileid="1" />
                <BranchPoint vc="28" upsid="118" ordinal="30" path="0" offset="933" offsetend="939" sl="118" fileid="1" />
                <BranchPoint vc="0" upsid="118" ordinal="31" path="1" offset="933" offsetend="949" sl="118" fileid="1" />
                <BranchPoint vc="28" upsid="118" ordinal="32" path="0" offset="951" offsetend="960" sl="118" fileid="1" />
                <BranchPoint vc="0" upsid="119" ordinal="35" path="1" offset="1059" offsetend="1063" sl="119" fileid="1" />
                <BranchPoint vc="28" upsid="119" ordinal="34" path="0" offset="1059" offsetend="1074" sl="119" fileid="1" />
                <BranchPoint vc="84" upsid="119" ordinal="37" path="1" offset="1128" offsetend="1091" sl="119" fileid="1" />
                <BranchPoint vc="28" upsid="119" ordinal="36" path="0" offset="1128" offsetend="1130" sl="119" fileid="1" />
                <BranchPoint vc="28" upsid="119" ordinal="38" path="0" offset="1143" offsetend="1149" sl="119" fileid="1" />
                <BranchPoint vc="0" upsid="119" ordinal="39" path="1" offset="1143" offsetend="1159" sl="119" fileid="1" />
                <BranchPoint vc="28" upsid="119" ordinal="40" path="0" offset="1161" offsetend="1170" sl="119" fileid="1" />
                <BranchPoint vc="0" upsid="163" ordinal="43" path="1" offset="2343" offsetend="2347" sl="163" fileid="1" />
                <BranchPoint vc="28" upsid="163" ordinal="42" path="0" offset="2343" offsetend="2358" sl="163" fileid="1" />
                <BranchPoint vc="112" upsid="163" ordinal="45" path="1" offset="2407" offsetend="2381" sl="163" fileid="1" />
                <BranchPoint vc="28" upsid="163" ordinal="44" path="0" offset="2407" offsetend="2409" sl="163" fileid="1" />
                <BranchPoint vc="0" upsid="163" ordinal="47" path="1" offset="2458" offsetend="2462" sl="163" fileid="1" />
                <BranchPoint vc="28" upsid="163" ordinal="46" path="0" offset="2458" offsetend="2473" sl="163" fileid="1" />
                <BranchPoint vc="112" upsid="163" ordinal="49" path="1" offset="2531" offsetend="2494" sl="163" fileid="1" />
                <BranchPoint vc="28" upsid="163" ordinal="48" path="0" offset="2531" offsetend="2533" sl="163" fileid="1" />
                <BranchPoint vc="0" upsid="119" ordinal="41" path="1" offset="1161" offsetend="2550" sl="119" fileid="1" />
                <BranchPoint vc="0" upsid="118" ordinal="33" path="1" offset="951" offsetend="2565" sl="118" fileid="1" />
                <BranchPoint vc="0" upsid="117" ordinal="29" path="1" offset="815" offsetend="2580" sl="117" fileid="1" />
                <BranchPoint vc="0" upsid="116" ordinal="21" path="1" offset="589" offsetend="2595" sl="116" fileid="1" />
                <BranchPoint vc="0" upsid="113" ordinal="13" path="1" offset="321" offsetend="2610" sl="113" fileid="1" />
                <BranchPoint vc="0" upsid="110" ordinal="9" path="1" offset="247" offsetend="2625" sl="110" fileid="1" />
                <BranchPoint vc="4" upsid="108" ordinal="5" path="1" offset="203" offsetend="2640" sl="108" fileid="1" />
                <BranchPoint vc="4" upsid="169" ordinal="50" path="0" offset="2702" offsetend="2708" sl="169" fileid="1" />
                <BranchPoint vc="28" upsid="169" ordinal="51" path="1" offset="2702" offsetend="2728" sl="169" fileid="1" />
                <BranchPoint vc="4" upsid="169" ordinal="52" path="0" offset="2730" offsetend="2736" sl="169" fileid="1" />
                <BranchPoint vc="28" upsid="169" ordinal="53" path="1" offset="2730" offsetend="2756" sl="169" fileid="1" />
                <BranchPoint vc="4" upsid="169" ordinal="54" path="0" offset="2758" offsetend="2764" sl="169" fileid="1" />
                <BranchPoint vc="28" upsid="169" ordinal="55" path="1" offset="2758" offsetend="2774" sl="169" fileid="1" />
                <BranchPoint vc="0" upsid="173" ordinal="57" path="1" offset="2807" offsetend="2811" sl="173" fileid="1" />
                <BranchPoint vc="28" upsid="173" ordinal="56" path="0" offset="2807" offsetend="2822" sl="173" fileid="1" />
                <BranchPoint vc="112" upsid="174" ordinal="59" path="1" offset="2878" offsetend="2841" sl="174" fileid="1" />
                <BranchPoint vc="28" upsid="174" ordinal="58" path="0" offset="2878" offsetend="2880" sl="174" fileid="1" />
                <BranchPoint vc="0" upsid="174" ordinal="61" path="1" offset="2998" offsetend="3002" sl="174" fileid="1" />
                <BranchPoint vc="28" upsid="174" ordinal="60" path="0" offset="2998" offsetend="3013" sl="174" fileid="1" />
                <BranchPoint vc="112" upsid="176" ordinal="63" path="1" offset="3060" offsetend="3034" sl="176" fileid="1" />
                <BranchPoint vc="28" upsid="176" ordinal="62" path="0" offset="3060" offsetend="3062" sl="176" fileid="1" />
                <BranchPoint vc="0" upsid="176" ordinal="65" path="1" offset="3109" offsetend="3113" sl="176" fileid="1" />
                <BranchPoint vc="28" upsid="176" ordinal="64" path="0" offset="3109" offsetend="3124" sl="176" fileid="1" />
                <BranchPoint vc="112" upsid="176" ordinal="67" path="1" offset="3180" offsetend="3143" sl="176" fileid="1" />
                <BranchPoint vc="28" upsid="176" ordinal="66" path="0" offset="3180" offsetend="3182" sl="176" fileid="1" />
              </BranchPoints>
              <MethodPoint vc="56" upsid="0" p8:type="SequencePoint" ordinal="7" offset="7" sc="0" sl="103" ec="1" el="177" bec="0" bev="0" fileid="1" xmlns:p8="xsi" />
            </Method>
            <Method cyclomaticComplexity="1" nPathComplexity="0" sequenceCoverage="1" branchCoverage="1" isConstructor="False" isGetter="False" isSetter="False" isStatic="True">
              <Summary numSequencePoints="1" visitedSequencePoints="1" numBranchPoints="0" visitedBranchPoints="0" sequenceCoverage="1" branchCoverage="1" maxCyclomaticComplexity="1" minCyclomaticComplexity="1" visitedClasses="0" numClasses="0" visitedMethods="1" numMethods="1" />
              <MetadataToken />
              <Name>FSharpAHRS.Models/Quaternion FSharpAHRS.Algorithm.Madgwick::quaternion(FSharpAHRS.Models/State)</Name>
              <FileRef uid="1" />
              <SequencePoints>
                <SequencePoint vc="4" upsid="191" ordinal="0" sl="191" sc="1" el="191" ec="2" bec="0" bev="0" fileid="1" />
              </SequencePoints>
              <BranchPoints />
              <MethodPoint vc="1" upsid="0" p8:type="SequencePoint" ordinal="8" offset="8" sc="0" sl="191" ec="1" el="191" bec="0" bev="0" fileid="1" xmlns:p8="xsi" />
            </Method>
            <Method cyclomaticComplexity="1" nPathComplexity="0" sequenceCoverage="1" branchCoverage="1" isConstructor="True" isGetter="False" isSetter="False" isStatic="True">
              <Summary numSequencePoints="4" visitedSequencePoints="4" numBranchPoints="0" visitedBranchPoints="0" sequenceCoverage="1" branchCoverage="1" maxCyclomaticComplexity="1" minCyclomaticComplexity="1" visitedClasses="0" numClasses="0" visitedMethods="1" numMethods="1" />
              <MetadataToken />
              <Name>FSharpAHRS.Models/Vector FSharpAHRS.Algorithm.Madgwick::vector(FSharpAHRS.Models/State)</Name>
              <FileRef uid="1" />
              <SequencePoints>
                <SequencePoint vc="1" upsid="205" ordinal="0" sl="205" sc="1" el="205" ec="2" bec="0" bev="0" fileid="1" />
                <SequencePoint vc="1" upsid="206" ordinal="1" sl="206" sc="1" el="206" ec="2" bec="0" bev="0" fileid="1" />
                <SequencePoint vc="1" upsid="207" ordinal="2" sl="207" sc="1" el="207" ec="2" bec="0" bev="0" fileid="1" />
                <SequencePoint vc="1" upsid="208" ordinal="3" sl="208" sc="1" el="208" ec="2" bec="0" bev="0" fileid="1" />
              </SequencePoints>
              <BranchPoints />
              <MethodPoint vc="4" upsid="0" p8:type="SequencePoint" ordinal="9" offset="9" sc="0" sl="205" ec="1" el="208" bec="0" bev="0" fileid="1" xmlns:p8="xsi" />
            </Method>
            <Method cyclomaticComplexity="1" nPathComplexity="0" sequenceCoverage="1" branchCoverage="1" isConstructor="False" isGetter="False" isSetter="False" isStatic="True">
              <Summary numSequencePoints="9" visitedSequencePoints="9" numBranchPoints="0" visitedBranchPoints="0" sequenceCoverage="1" branchCoverage="1" maxCyclomaticComplexity="1" minCyclomaticComplexity="1" visitedClasses="0" numClasses="0" visitedMethods="1" numMethods="1" />
              <MetadataToken />
              <Name>FSharpAHRS.Models/Euler FSharpAHRS.Algorithm.Madgwick::eulerAngles(FSharpAHRS.Models/State)</Name>
              <FileRef uid="1" />
              <SequencePoints>
                <SequencePoint vc="2" upsid="222" ordinal="0" sl="222" sc="1" el="222" ec="2" bec="0" bev="0" fileid="1" />
                <SequencePoint vc="2" upsid="223" ordinal="1" sl="223" sc="1" el="223" ec="2" bec="0" bev="0" fileid="1" />
                <SequencePoint vc="2" upsid="224" ordinal="2" sl="224" sc="1" el="224" ec="2" bec="0" bev="0" fileid="1" />
                <SequencePoint vc="2" upsid="225" ordinal="3" sl="225" sc="1" el="225" ec="2" bec="0" bev="0" fileid="1" />
                <SequencePoint vc="2" upsid="226" ordinal="4" sl="226" sc="1" el="226" ec="2" bec="0" bev="0" fileid="1" />
                <SequencePoint vc="2" upsid="227" ordinal="5" sl="227" sc="1" el="227" ec="2" bec="0" bev="0" fileid="1" />
                <SequencePoint vc="2" upsid="228" ordinal="6" sl="228" sc="1" el="228" ec="2" bec="0" bev="0" fileid="1" />
                <SequencePoint vc="2" upsid="229" ordinal="7" sl="229" sc="1" el="229" ec="2" bec="0" bev="0" fileid="1" />
                <SequencePoint vc="2" upsid="230" ordinal="8" sl="230" sc="1" el="230" ec="2" bec="0" bev="0" fileid="1" />
              </SequencePoints>
              <BranchPoints />
              <MethodPoint vc="9" upsid="0" p8:type="SequencePoint" ordinal="10" offset="10" sc="0" sl="222" ec="1" el="230" bec="0" bev="0" fileid="1" xmlns:p8="xsi" />
            </Method>
            <Method cyclomaticComplexity="1" nPathComplexity="0" sequenceCoverage="1" branchCoverage="1" isConstructor="False" isGetter="False" isSetter="False" isStatic="True">
              <Summary numSequencePoints="2" visitedSequencePoints="2" numBranchPoints="0" visitedBranchPoints="0" sequenceCoverage="1" branchCoverage="1" maxCyclomaticComplexity="1" minCyclomaticComplexity="1" visitedClasses="0" numClasses="0" visitedMethods="1" numMethods="1" />
              <MetadataToken />
              <Name>FSharpAHRS.Models/Euler FSharpAHRS.Algorithm.Madgwick::eulerAnglesDegrees(FSharpAHRS.Models/State)</Name>
              <FileRef uid="1" />
              <SequencePoints>
                <SequencePoint vc="1" upsid="244" ordinal="0" sl="244" sc="1" el="244" ec="2" bec="0" bev="0" fileid="1" />
                <SequencePoint vc="1" upsid="245" ordinal="1" sl="245" sc="1" el="245" ec="2" bec="0" bev="0" fileid="1" />
              </SequencePoints>
              <BranchPoints />
              <MethodPoint vc="2" upsid="0" p8:type="SequencePoint" ordinal="11" offset="11" sc="0" sl="244" ec="1" el="245" bec="0" bev="0" fileid="1" xmlns:p8="xsi" />
            </Method>
            <Method cyclomaticComplexity="1" nPathComplexity="0" sequenceCoverage="0" branchCoverage="1" isConstructor="False" isGetter="False" isSetter="False" isStatic="True">
              <Summary numSequencePoints="10" visitedSequencePoints="0" numBranchPoints="0" visitedBranchPoints="0" sequenceCoverage="0" branchCoverage="1" maxCyclomaticComplexity="1" minCyclomaticComplexity="1" visitedClasses="0" numClasses="0" visitedMethods="0" numMethods="1" />
              <MetadataToken />
              <Name>System.Double[] FSharpAHRS.Algorithm.Madgwick::rotationMatrix(FSharpAHRS.Models/State)</Name>
              <FileRef uid="1" />
              <SequencePoints>
                <SequencePoint vc="0" upsid="249" ordinal="0" sl="249" sc="1" el="249" ec="2" bec="0" bev="0" fileid="1" />
                <SequencePoint vc="0" upsid="250" ordinal="1" sl="250" sc="1" el="250" ec="2" bec="0" bev="0" fileid="1" />
                <SequencePoint vc="0" upsid="251" ordinal="2" sl="251" sc="1" el="251" ec="2" bec="0" bev="0" fileid="1" />
                <SequencePoint vc="0" upsid="252" ordinal="3" sl="252" sc="1" el="252" ec="2" bec="0" bev="0" fileid="1" />
                <SequencePoint vc="0" upsid="253" ordinal="4" sl="253" sc="1" el="253" ec="2" bec="0" bev="0" fileid="1" />
                <SequencePoint vc="0" upsid="254" ordinal="5" sl="254" sc="1" el="254" ec="2" bec="0" bev="0" fileid="1" />
                <SequencePoint vc="0" upsid="255" ordinal="6" sl="255" sc="1" el="255" ec="2" bec="0" bev="0" fileid="1" />
                <SequencePoint vc="0" upsid="256" ordinal="7" sl="256" sc="1" el="256" ec="2" bec="0" bev="0" fileid="1" />
                <SequencePoint vc="0" upsid="257" ordinal="8" sl="257" sc="1" el="257" ec="2" bec="0" bev="0" fileid="1" />
                <SequencePoint vc="0" upsid="258" ordinal="9" sl="258" sc="1" el="258" ec="2" bec="0" bev="0" fileid="1" />
              </SequencePoints>
              <BranchPoints />
              <MethodPoint vc="0" upsid="0" p8:type="SequencePoint" ordinal="12" offset="12" sc="0" sl="249" ec="1" el="258" bec="0" bev="0" fileid="1" xmlns:p8="xsi" />
            </Method>
            <Method cyclomaticComplexity="1" nPathComplexity="0" sequenceCoverage="0" branchCoverage="1" isConstructor="False" isGetter="False" isSetter="False" isStatic="True">
              <Summary numSequencePoints="3" visitedSequencePoints="0" numBranchPoints="0" visitedBranchPoints="0" sequenceCoverage="0" branchCoverage="1" maxCyclomaticComplexity="1" minCyclomaticComplexity="1" visitedClasses="0" numClasses="0" visitedMethods="0" numMethods="1" />
              <MetadataToken />
              <Name>System.Tuple`2&lt;System.Double,System.Double&gt; FSharpAHRS.Algorithm.Madgwick::applyDeclination(System.Double,FSharpAHRS.Models/Acceleration)</Name>
              <FileRef uid="1" />
              <SequencePoints>
                <SequencePoint vc="0" upsid="263" ordinal="0" sl="263" sc="1" el="263" ec="2" bec="0" bev="0" fileid="1" />
                <SequencePoint vc="0" upsid="264" ordinal="1" sl="264" sc="1" el="264" ec="2" bec="0" bev="0" fileid="1" />
                <SequencePoint vc="0" upsid="265" ordinal="2" sl="265" sc="1" el="265" ec="2" bec="0" bev="0" fileid="1" />
              </SequencePoints>
              <BranchPoints />
              <MethodPoint vc="0" upsid="0" p8:type="SequencePoint" ordinal="13" offset="13" sc="0" sl="263" ec="1" el="265" bec="0" bev="0" fileid="1" xmlns:p8="xsi" />
            </Method>
          </Methods>
        </Class>
        <Class>
          <Summary numSequencePoints="10" visitedSequencePoints="1" numBranchPoints="16" visitedBranchPoints="0" sequenceCoverage="0.1" branchCoverage="0" maxCyclomaticComplexity="8" minCyclomaticComplexity="1" visitedClasses="1" numClasses="1" visitedMethods="1" numMethods="10" />
          <FullName>FSharpAHRS.Utils</FullName>
          <Methods>
            <Method cyclomaticComplexity="1" nPathComplexity="0" sequenceCoverage="1" branchCoverage="1" isConstructor="False" isGetter="False" isSetter="False" isStatic="True">
              <Summary numSequencePoints="1" visitedSequencePoints="1" numBranchPoints="0" visitedBranchPoints="0" sequenceCoverage="1" branchCoverage="1" maxCyclomaticComplexity="1" minCyclomaticComplexity="1" visitedClasses="0" numClasses="0" visitedMethods="1" numMethods="1" />
              <MetadataToken />
              <Name>System.Double FSharpAHRS.Utils::rad2deg(System.Double)</Name>
              <FileRef uid="2" />
              <SequencePoints>
                <SequencePoint vc="3" upsid="4" ordinal="0" sl="4" sc="1" el="4" ec="2" bec="0" bev="0" fileid="2" />
              </SequencePoints>
              <BranchPoints />
              <MethodPoint vc="1" upsid="0" p8:type="SequencePoint" ordinal="0" offset="0" sc="0" sl="4" ec="1" el="4" bec="0" bev="0" fileid="2" xmlns:p8="xsi" />
            </Method>
            <Method cyclomaticComplexity="1" nPathComplexity="0" sequenceCoverage="0" branchCoverage="1" isConstructor="False" isGetter="False" isSetter="False" isStatic="True">
              <Summary numSequencePoints="1" visitedSequencePoints="0" numBranchPoints="0" visitedBranchPoints="0" sequenceCoverage="0" branchCoverage="1" maxCyclomaticComplexity="1" minCyclomaticComplexity="1" visitedClasses="0" numClasses="0" visitedMethods="0" numMethods="1" />
              <MetadataToken />
              <Name>System.Double FSharpAHRS.Utils::deg2rad(System.Double)</Name>
              <FileRef uid="2" />
              <SequencePoints>
                <SequencePoint vc="0" upsid="5" ordinal="0" sl="5" sc="1" el="5" ec="2" bec="0" bev="0" fileid="2" />
              </SequencePoints>
              <BranchPoints />
              <MethodPoint vc="0" upsid="0" p8:type="SequencePoint" ordinal="1" offset="1" sc="0" sl="5" ec="1" el="5" bec="0" bev="0" fileid="2" xmlns:p8="xsi" />
            </Method>
            <Method cyclomaticComplexity="1" nPathComplexity="0" sequenceCoverage="0" branchCoverage="1" isConstructor="False" isGetter="False" isSetter="False" isStatic="True">
              <Summary numSequencePoints="1" visitedSequencePoints="0" numBranchPoints="0" visitedBranchPoints="0" sequenceCoverage="0" branchCoverage="1" maxCyclomaticComplexity="1" minCyclomaticComplexity="1" visitedClasses="0" numClasses="0" visitedMethods="0" numMethods="1" />
              <MetadataToken />
              <Name>a FSharpAHRS.Utils::invSqrt(a)</Name>
              <FileRef uid="2" />
              <SequencePoints>
                <SequencePoint vc="0" upsid="6" ordinal="0" sl="6" sc="1" el="6" ec="2" bec="0" bev="0" fileid="2" />
              </SequencePoints>
              <BranchPoints />
              <MethodPoint vc="0" upsid="0" p8:type="SequencePoint" ordinal="2" offset="2" sc="0" sl="6" ec="1" el="6" bec="0" bev="0" fileid="2" xmlns:p8="xsi" />
            </Method>
            <Method cyclomaticComplexity="1" nPathComplexity="0" sequenceCoverage="0" branchCoverage="1" isConstructor="False" isGetter="False" isSetter="False" isStatic="True">
              <Summary numSequencePoints="1" visitedSequencePoints="0" numBranchPoints="0" visitedBranchPoints="0" sequenceCoverage="0" branchCoverage="1" maxCyclomaticComplexity="1" minCyclomaticComplexity="1" visitedClasses="0" numClasses="0" visitedMethods="0" numMethods="1" />
              <MetadataToken />
              <Name>c[] FSharpAHRS.Utils::add(a[],b[])</Name>
              <FileRef uid="2" />
              <SequencePoints>
                <SequencePoint vc="0" upsid="7" ordinal="0" sl="7" sc="1" el="7" ec="2" bec="0" bev="0" fileid="2" />
              </SequencePoints>
              <BranchPoints />
              <MethodPoint vc="0" upsid="0" p8:type="SequencePoint" ordinal="3" offset="3" sc="0" sl="7" ec="1" el="7" bec="0" bev="0" fileid="2" xmlns:p8="xsi" />
            </Method>
            <Method cyclomaticComplexity="1" nPathComplexity="0" sequenceCoverage="0" branchCoverage="1" isConstructor="False" isGetter="False" isSetter="False" isStatic="True">
              <Summary numSequencePoints="1" visitedSequencePoints="0" numBranchPoints="0" visitedBranchPoints="0" sequenceCoverage="0" branchCoverage="1" maxCyclomaticComplexity="1" minCyclomaticComplexity="1" visitedClasses="0" numClasses="0" visitedMethods="0" numMethods="1" />
              <MetadataToken />
              <Name>c[] FSharpAHRS.Utils::subtract(a[],b[])</Name>
              <FileRef uid="2" />
              <SequencePoints>
                <SequencePoint vc="0" upsid="8" ordinal="0" sl="8" sc="1" el="8" ec="2" bec="0" bev="0" fileid="2" />
              </SequencePoints>
              <BranchPoints />
              <MethodPoint vc="0" upsid="0" p8:type="SequencePoint" ordinal="4" offset="4" sc="0" sl="8" ec="1" el="8" bec="0" bev="0" fileid="2" xmlns:p8="xsi" />
            </Method>
            <Method cyclomaticComplexity="1" nPathComplexity="0" sequenceCoverage="0" branchCoverage="1" isConstructor="False" isGetter="False" isSetter="False" isStatic="True">
              <Summary numSequencePoints="1" visitedSequencePoints="0" numBranchPoints="0" visitedBranchPoints="0" sequenceCoverage="0" branchCoverage="1" maxCyclomaticComplexity="1" minCyclomaticComplexity="1" visitedClasses="0" numClasses="0" visitedMethods="0" numMethods="1" />
              <MetadataToken />
              <Name>c[] FSharpAHRS.Utils::multiply(a[],b[])</Name>
              <FileRef uid="2" />
              <SequencePoints>
                <SequencePoint vc="0" upsid="9" ordinal="0" sl="9" sc="1" el="9" ec="2" bec="0" bev="0" fileid="2" />
              </SequencePoints>
              <BranchPoints />
              <MethodPoint vc="0" upsid="0" p8:type="SequencePoint" ordinal="5" offset="5" sc="0" sl="9" ec="1" el="9" bec="0" bev="0" fileid="2" xmlns:p8="xsi" />
            </Method>
            <Method cyclomaticComplexity="4" nPathComplexity="0" sequenceCoverage="0" branchCoverage="0" isConstructor="False" isGetter="False" isSetter="False" isStatic="True">
              <Summary numSequencePoints="1" visitedSequencePoints="0" numBranchPoints="4" visitedBranchPoints="0" sequenceCoverage="0" branchCoverage="0" maxCyclomaticComplexity="4" minCyclomaticComplexity="4" visitedClasses="0" numClasses="0" visitedMethods="0" numMethods="1" />
              <MetadataToken />
              <Name>System.Double[] FSharpAHRS.Utils::scalarMultiply(System.Double,System.Double[])</Name>
              <FileRef uid="2" />
              <SequencePoints>
                <SequencePoint vc="0" upsid="10" ordinal="0" sl="10" sc="1" el="10" ec="2" bec="0" bev="0" fileid="2" />
              </SequencePoints>
              <BranchPoints>
                <BranchPoint vc="0" upsid="10" ordinal="1" path="1" offset="15" offsetend="19" sl="10" fileid="2" />
                <BranchPoint vc="0" upsid="10" ordinal="0" path="0" offset="15" offsetend="30" sl="10" fileid="2" />
                <BranchPoint vc="0" upsid="10" ordinal="3" path="1" offset="72" offsetend="44" sl="10" fileid="2" />
                <BranchPoint vc="0" upsid="10" ordinal="2" path="0" offset="72" offsetend="74" sl="10" fileid="2" />
              </BranchPoints>
              <MethodPoint vc="0" upsid="0" p8:type="SequencePoint" ordinal="6" offset="6" sc="0" sl="10" ec="1" el="10" bec="0" bev="0" fileid="2" xmlns:p8="xsi" />
            </Method>
            <Method cyclomaticComplexity="1" nPathComplexity="0" sequenceCoverage="0" branchCoverage="1" isConstructor="False" isGetter="False" isSetter="False" isStatic="True">
              <Summary numSequencePoints="1" visitedSequencePoints="0" numBranchPoints="0" visitedBranchPoints="0" sequenceCoverage="0" branchCoverage="1" maxCyclomaticComplexity="1" minCyclomaticComplexity="1" visitedClasses="0" numClasses="0" visitedMethods="0" numMethods="1" />
              <MetadataToken />
              <Name>b[] FSharpAHRS.Utils::square(a[])</Name>
              <FileRef uid="2" />
              <SequencePoints>
                <SequencePoint vc="0" upsid="11" ordinal="0" sl="11" sc="1" el="11" ec="2" bec="0" bev="0" fileid="2" />
              </SequencePoints>
              <BranchPoints />
              <MethodPoint vc="0" upsid="0" p8:type="SequencePoint" ordinal="7" offset="7" sc="0" sl="11" ec="1" el="11" bec="0" bev="0" fileid="2" xmlns:p8="xsi" />
            </Method>
            <Method cyclomaticComplexity="4" nPathComplexity="0" sequenceCoverage="0" branchCoverage="0" isConstructor="True" isGetter="False" isSetter="False" isStatic="True">
              <Summary numSequencePoints="1" visitedSequencePoints="0" numBranchPoints="4" visitedBranchPoints="0" sequenceCoverage="0" branchCoverage="0" maxCyclomaticComplexity="4" minCyclomaticComplexity="4" visitedClasses="0" numClasses="0" visitedMethods="0" numMethods="1" />
              <MetadataToken />
              <Name>b FSharpAHRS.Utils::normFactor(a[])</Name>
              <FileRef uid="2" />
              <SequencePoints>
                <SequencePoint vc="0" upsid="12" ordinal="0" sl="12" sc="1" el="12" ec="2" bec="0" bev="0" fileid="2" />
              </SequencePoints>
              <BranchPoints>
                <BranchPoint vc="0" upsid="12" ordinal="1" path="1" offset="23" offsetend="27" sl="12" fileid="2" />
                <BranchPoint vc="0" upsid="12" ordinal="0" path="0" offset="23" offsetend="38" sl="12" fileid="2" />
                <BranchPoint vc="0" upsid="12" ordinal="3" path="1" offset="87" offsetend="51" sl="12" fileid="2" />
                <BranchPoint vc="0" upsid="12" ordinal="2" path="0" offset="87" offsetend="89" sl="12" fileid="2" />
              </BranchPoints>
              <MethodPoint vc="0" upsid="0" p8:type="SequencePoint" ordinal="8" offset="8" sc="0" sl="12" ec="1" el="12" bec="0" bev="0" fileid="2" xmlns:p8="xsi" />
            </Method>
            <Method cyclomaticComplexity="8" nPathComplexity="0" sequenceCoverage="0" branchCoverage="0" isConstructor="False" isGetter="False" isSetter="False" isStatic="True">
              <Summary numSequencePoints="1" visitedSequencePoints="0" numBranchPoints="8" visitedBranchPoints="0" sequenceCoverage="0" branchCoverage="0" maxCyclomaticComplexity="8" minCyclomaticComplexity="8" visitedClasses="0" numClasses="0" visitedMethods="0" numMethods="1" />
              <MetadataToken />
              <Name>System.Double[] FSharpAHRS.Utils::normScale(System.Double,System.Double[])</Name>
              <FileRef uid="2" />
              <SequencePoints>
                <SequencePoint vc="0" upsid="13" ordinal="0" sl="13" sc="1" el="13" ec="2" bec="0" bev="0" fileid="2" />
              </SequencePoints>
              <BranchPoints>
                <BranchPoint vc="0" upsid="13" ordinal="1" path="1" offset="33" offsetend="37" sl="13" fileid="2" />
                <BranchPoint vc="0" upsid="13" ordinal="0" path="0" offset="33" offsetend="48" sl="13" fileid="2" />
                <BranchPoint vc="0" upsid="13" ordinal="3" path="1" offset="93" offsetend="67" sl="13" fileid="2" />
                <BranchPoint vc="0" upsid="13" ordinal="2" path="0" offset="93" offsetend="95" sl="13" fileid="2" />
                <BranchPoint vc="0" upsid="13" ordinal="5" path="1" offset="137" offsetend="141" sl="13" fileid="2" />
                <BranchPoint vc="0" upsid="13" ordinal="4" path="0" offset="137" offsetend="152" sl="13" fileid="2" />
                <BranchPoint vc="0" upsid="13" ordinal="7" path="1" offset="206" offsetend="169" sl="13" fileid="2" />
                <BranchPoint vc="0" upsid="13" ordinal="6" path="0" offset="206" offsetend="208" sl="13" fileid="2" />
              </BranchPoints>
              <MethodPoint vc="0" upsid="0" p8:type="SequencePoint" ordinal="9" offset="9" sc="0" sl="13" ec="1" el="13" bec="0" bev="0" fileid="2" xmlns:p8="xsi" />
            </Method>
          </Methods>
        </Class>
        <Class>
          <Summary numSequencePoints="1" visitedSequencePoints="0" numBranchPoints="22" visitedBranchPoints="0" sequenceCoverage="0" branchCoverage="0" maxCyclomaticComplexity="22" minCyclomaticComplexity="1" visitedClasses="0" numClasses="1" visitedMethods="0" numMethods="1" />
          <FullName>FSharpAHRS.Models/MadgwickOpts</FullName>
          <Methods>
            <Method cyclomaticComplexity="1" nPathComplexity="0" sequenceCoverage="0" branchCoverage="1" isConstructor="False" isGetter="False" isSetter="False" isStatic="True">
              <Summary numSequencePoints="1" visitedSequencePoints="0" numBranchPoints="0" visitedBranchPoints="0" sequenceCoverage="0" branchCoverage="1" maxCyclomaticComplexity="1" minCyclomaticComplexity="1" visitedClasses="0" numClasses="0" visitedMethods="0" numMethods="1" />
              <MetadataToken />
              <Name>System.Int32 FSharpAHRS.Models/MadgwickOpts::CompareTo(System.Object)</Name>
              <FileRef uid="3" />
              <SequencePoints>
                <SequencePoint vc="0" upsid="5" ordinal="0" sl="5" sc="1" el="5" ec="2" bec="0" bev="0" fileid="3" />
              </SequencePoints>
              <BranchPoints />
              <MethodPoint vc="0" upsid="0" p8:type="SequencePoint" ordinal="0" offset="0" sc="0" sl="5" ec="1" el="5" bec="0" bev="0" fileid="3" xmlns:p8="xsi" />
            </Method>
          </Methods>
        </Class>
        <Class>
          <Summary numSequencePoints="1" visitedSequencePoints="0" numBranchPoints="42" visitedBranchPoints="0" sequenceCoverage="0" branchCoverage="0" maxCyclomaticComplexity="42" minCyclomaticComplexity="1" visitedClasses="0" numClasses="1" visitedMethods="0" numMethods="1" />
          <FullName>FSharpAHRS.Models/Quaternion</FullName>
          <Methods>
            <Method cyclomaticComplexity="1" nPathComplexity="0" sequenceCoverage="0" branchCoverage="1" isConstructor="False" isGetter="False" isSetter="False" isStatic="True">
              <Summary numSequencePoints="1" visitedSequencePoints="0" numBranchPoints="0" visitedBranchPoints="0" sequenceCoverage="0" branchCoverage="1" maxCyclomaticComplexity="1" minCyclomaticComplexity="1" visitedClasses="0" numClasses="0" visitedMethods="0" numMethods="1" />
              <MetadataToken />
              <Name>System.Int32 FSharpAHRS.Models/Quaternion::CompareTo(System.Object)</Name>
              <FileRef uid="3" />
              <SequencePoints>
                <SequencePoint vc="0" upsid="10" ordinal="0" sl="10" sc="1" el="10" ec="2" bec="0" bev="0" fileid="3" />
              </SequencePoints>
              <BranchPoints />
              <MethodPoint vc="0" upsid="0" p8:type="SequencePoint" ordinal="0" offset="0" sc="0" sl="10" ec="1" el="10" bec="0" bev="0" fileid="3" xmlns:p8="xsi" />
            </Method>
          </Methods>
        </Class>
        <Class>
          <Summary numSequencePoints="1" visitedSequencePoints="0" numBranchPoints="42" visitedBranchPoints="0" sequenceCoverage="0" branchCoverage="0" maxCyclomaticComplexity="42" minCyclomaticComplexity="1" visitedClasses="0" numClasses="1" visitedMethods="0" numMethods="1" />
          <FullName>FSharpAHRS.Models/Vector</FullName>
          <Methods>
            <Method cyclomaticComplexity="1" nPathComplexity="0" sequenceCoverage="0" branchCoverage="1" isConstructor="True" isGetter="False" isSetter="False" isStatic="True">
              <Summary numSequencePoints="1" visitedSequencePoints="0" numBranchPoints="0" visitedBranchPoints="0" sequenceCoverage="0" branchCoverage="1" maxCyclomaticComplexity="1" minCyclomaticComplexity="1" visitedClasses="0" numClasses="0" visitedMethods="0" numMethods="1" />
              <MetadataToken />
              <Name>System.Int32 FSharpAHRS.Models/Vector::CompareTo(System.Object)</Name>
              <FileRef uid="3" />
              <SequencePoints>
                <SequencePoint vc="0" upsid="17" ordinal="0" sl="17" sc="1" el="17" ec="2" bec="0" bev="0" fileid="3" />
              </SequencePoints>
              <BranchPoints />
              <MethodPoint vc="0" upsid="0" p8:type="SequencePoint" ordinal="0" offset="0" sc="0" sl="17" ec="1" el="17" bec="0" bev="0" fileid="3" xmlns:p8="xsi" />
            </Method>
          </Methods>
        </Class>
        <Class>
          <Summary numSequencePoints="1" visitedSequencePoints="0" numBranchPoints="32" visitedBranchPoints="0" sequenceCoverage="0" branchCoverage="0" maxCyclomaticComplexity="32" minCyclomaticComplexity="1" visitedClasses="0" numClasses="1" visitedMethods="0" numMethods="1" />
          <FullName>FSharpAHRS.Models/Euler</FullName>
          <Methods>
            <Method cyclomaticComplexity="1" nPathComplexity="0" sequenceCoverage="0" branchCoverage="1" isConstructor="False" isGetter="False" isSetter="False" isStatic="True">
              <Summary numSequencePoints="1" visitedSequencePoints="0" numBranchPoints="0" visitedBranchPoints="0" sequenceCoverage="0" branchCoverage="1" maxCyclomaticComplexity="1" minCyclomaticComplexity="1" visitedClasses="0" numClasses="0" visitedMethods="0" numMethods="1" />
              <MetadataToken />
              <Name>System.Int32 FSharpAHRS.Models/Euler::CompareTo(System.Object)</Name>
              <FileRef uid="3" />
              <SequencePoints>
                <SequencePoint vc="0" upsid="24" ordinal="0" sl="24" sc="1" el="24" ec="2" bec="0" bev="0" fileid="3" />
              </SequencePoints>
              <BranchPoints />
              <MethodPoint vc="0" upsid="0" p8:type="SequencePoint" ordinal="0" offset="0" sc="0" sl="24" ec="1" el="24" bec="0" bev="0" fileid="3" xmlns:p8="xsi" />
            </Method>
          </Methods>
        </Class>
        <Class>
          <Summary numSequencePoints="1" visitedSequencePoints="0" numBranchPoints="32" visitedBranchPoints="0" sequenceCoverage="0" branchCoverage="0" maxCyclomaticComplexity="32" minCyclomaticComplexity="1" visitedClasses="0" numClasses="1" visitedMethods="0" numMethods="1" />
          <FullName>FSharpAHRS.Models/Coordinate</FullName>
          <Methods>
            <Method cyclomaticComplexity="1" nPathComplexity="0" sequenceCoverage="0" branchCoverage="1" isConstructor="False" isGetter="False" isSetter="False" isStatic="True">
              <Summary numSequencePoints="1" visitedSequencePoints="0" numBranchPoints="0" visitedBranchPoints="0" sequenceCoverage="0" branchCoverage="1" maxCyclomaticComplexity="1" minCyclomaticComplexity="1" visitedClasses="0" numClasses="0" visitedMethods="0" numMethods="1" />
              <MetadataToken />
              <Name>System.Int32 FSharpAHRS.Models/Coordinate::CompareTo(System.Object)</Name>
              <FileRef uid="3" />
              <SequencePoints>
                <SequencePoint vc="0" upsid="30" ordinal="0" sl="30" sc="1" el="30" ec="2" bec="0" bev="0" fileid="3" />
              </SequencePoints>
              <BranchPoints />
              <MethodPoint vc="0" upsid="0" p8:type="SequencePoint" ordinal="0" offset="0" sc="0" sl="30" ec="1" el="30" bec="0" bev="0" fileid="3" xmlns:p8="xsi" />
            </Method>
          </Methods>
        </Class>
        <Class>
          <Summary numSequencePoints="1" visitedSequencePoints="0" numBranchPoints="32" visitedBranchPoints="0" sequenceCoverage="0" branchCoverage="0" maxCyclomaticComplexity="32" minCyclomaticComplexity="1" visitedClasses="0" numClasses="1" visitedMethods="0" numMethods="1" />
          <FullName>FSharpAHRS.Models/Acceleration</FullName>
          <Methods>
            <Method cyclomaticComplexity="1" nPathComplexity="0" sequenceCoverage="0" branchCoverage="1" isConstructor="False" isGetter="False" isSetter="False" isStatic="True">
              <Summary numSequencePoints="1" visitedSequencePoints="0" numBranchPoints="0" visitedBranchPoints="0" sequenceCoverage="0" branchCoverage="1" maxCyclomaticComplexity="1" minCyclomaticComplexity="1" visitedClasses="0" numClasses="0" visitedMethods="0" numMethods="1" />
              <MetadataToken />
              <Name>System.Int32 FSharpAHRS.Models/Acceleration::CompareTo(System.Object)</Name>
              <FileRef uid="3" />
              <SequencePoints>
                <SequencePoint vc="0" upsid="36" ordinal="0" sl="36" sc="1" el="36" ec="2" bec="0" bev="0" fileid="3" />
              </SequencePoints>
              <BranchPoints />
              <MethodPoint vc="0" upsid="0" p8:type="SequencePoint" ordinal="0" offset="0" sc="0" sl="36" ec="1" el="36" bec="0" bev="0" fileid="3" xmlns:p8="xsi" />
            </Method>
          </Methods>
        </Class>
        <Class>
          <Summary numSequencePoints="1" visitedSequencePoints="0" numBranchPoints="14" visitedBranchPoints="0" sequenceCoverage="0" branchCoverage="0" maxCyclomaticComplexity="14" minCyclomaticComplexity="1" visitedClasses="0" numClasses="1" visitedMethods="0" numMethods="1" />
          <FullName>FSharpAHRS.Models/SensorInput</FullName>
          <Methods>
            <Method cyclomaticComplexity="1" nPathComplexity="0" sequenceCoverage="0" branchCoverage="1" isConstructor="False" isGetter="False" isSetter="False" isStatic="True">
              <Summary numSequencePoints="1" visitedSequencePoints="0" numBranchPoints="0" visitedBranchPoints="0" sequenceCoverage="0" branchCoverage="1" maxCyclomaticComplexity="1" minCyclomaticComplexity="1" visitedClasses="0" numClasses="0" visitedMethods="0" numMethods="1" />
              <MetadataToken />
              <Name>System.Int32 FSharpAHRS.Models/SensorInput::CompareTo(System.Object)</Name>
              <FileRef uid="3" />
              <SequencePoints>
                <SequencePoint vc="0" upsid="43" ordinal="0" sl="43" sc="1" el="43" ec="2" bec="0" bev="0" fileid="3" />
              </SequencePoints>
              <BranchPoints />
              <MethodPoint vc="0" upsid="0" p8:type="SequencePoint" ordinal="0" offset="0" sc="0" sl="43" ec="1" el="43" bec="0" bev="0" fileid="3" xmlns:p8="xsi" />
            </Method>
          </Methods>
        </Class>
        <Class>
          <Summary numSequencePoints="1" visitedSequencePoints="0" numBranchPoints="42" visitedBranchPoints="0" sequenceCoverage="0" branchCoverage="0" maxCyclomaticComplexity="42" minCyclomaticComplexity="1" visitedClasses="0" numClasses="1" visitedMethods="0" numMethods="1" />
          <FullName>FSharpAHRS.Models/State</FullName>
          <Methods>
            <Method cyclomaticComplexity="1" nPathComplexity="0" sequenceCoverage="0" branchCoverage="1" isConstructor="False" isGetter="False" isSetter="False" isStatic="True">
              <Summary numSequencePoints="1" visitedSequencePoints="0" numBranchPoints="0" visitedBranchPoints="0" sequenceCoverage="0" branchCoverage="1" maxCyclomaticComplexity="1" minCyclomaticComplexity="1" visitedClasses="0" numClasses="0" visitedMethods="0" numMethods="1" />
              <MetadataToken />
              <Name>System.Int32 FSharpAHRS.Models/State::CompareTo(System.Object)</Name>
              <FileRef uid="3" />
              <SequencePoints>
                <SequencePoint vc="0" upsid="50" ordinal="0" sl="50" sc="1" el="50" ec="2" bec="0" bev="0" fileid="3" />
              </SequencePoints>
              <BranchPoints />
              <MethodPoint vc="0" upsid="0" p8:type="SequencePoint" ordinal="0" offset="0" sc="0" sl="50" ec="1" el="50" bec="0" bev="0" fileid="3" xmlns:p8="xsi" />
            </Method>
          </Methods>
        </Class>
        <Class>
          <Summary numSequencePoints="3" visitedSequencePoints="3" numBranchPoints="0" visitedBranchPoints="0" sequenceCoverage="1" branchCoverage="1" maxCyclomaticComplexity="1" minCyclomaticComplexity="1" visitedClasses="1" numClasses="1" visitedMethods="2" numMethods="2" />
          <FullName>FSharpAHRS.Models/AHRSSession</FullName>
          <Methods>
            <Method cyclomaticComplexity="1" nPathComplexity="0" sequenceCoverage="1" branchCoverage="1" isConstructor="False" isGetter="True" isSetter="False" isStatic="True">
              <Summary numSequencePoints="1" visitedSequencePoints="1" numBranchPoints="0" visitedBranchPoints="0" sequenceCoverage="1" branchCoverage="1" maxCyclomaticComplexity="1" minCyclomaticComplexity="1" visitedClasses="0" numClasses="0" visitedMethods="1" numMethods="1" />
              <MetadataToken />
              <Name>FSharpAHRS.Models/State FSharpAHRS.Models/AHRSSession::get_State()</Name>
              <FileRef uid="3" />
              <SequencePoints>
                <SequencePoint vc="600" upsid="59" ordinal="0" sl="59" sc="1" el="59" ec="2" bec="0" bev="0" fileid="3" />
              </SequencePoints>
              <BranchPoints />
              <MethodPoint vc="1" upsid="0" p8:type="SequencePoint" ordinal="0" offset="0" sc="0" sl="59" ec="1" el="59" bec="0" bev="0" fileid="3" xmlns:p8="xsi" />
            </Method>
            <Method cyclomaticComplexity="1" nPathComplexity="0" sequenceCoverage="1" branchCoverage="1" isConstructor="True" isGetter="False" isSetter="False" isStatic="True">
              <Summary numSequencePoints="2" visitedSequencePoints="2" numBranchPoints="0" visitedBranchPoints="0" sequenceCoverage="1" branchCoverage="1" maxCyclomaticComplexity="1" minCyclomaticComplexity="1" visitedClasses="0" numClasses="0" visitedMethods="1" numMethods="1" />
              <MetadataToken />
              <Name>System.Void FSharpAHRS.Models/AHRSSession::.ctor()</Name>
              <FileRef uid="3" />
              <SequencePoints>
                <SequencePoint vc="4" upsid="57" ordinal="0" sl="57" sc="1" el="57" ec="2" bec="0" bev="0" fileid="3" />
                <SequencePoint vc="4" upsid="58" ordinal="1" sl="58" sc="1" el="58" ec="2" bec="0" bev="0" fileid="3" />
              </SequencePoints>
              <BranchPoints />
              <MethodPoint vc="2" upsid="0" p8:type="SequencePoint" ordinal="1" offset="1" sc="0" sl="57" ec="1" el="58" bec="0" bev="0" fileid="3" xmlns:p8="xsi" />
            </Method>
          </Methods>
        </Class>
      </Classes>
    </Module>
  </Modules>
</CoverageSession>